<?xml version="1.0" encoding="UTF-8"?>
<testng-results skipped="0" failed="0" ignored="3" total="4" passed="1">
  <reporter-output>
  </reporter-output>
  <suite name="Default suite" duration-ms="2337" started-at="2018-04-08T03:11:30Z" finished-at="2018-04-08T03:11:32Z">
    <groups>
    </groups>
    <test name="Default test" duration-ms="2337" started-at="2018-04-08T03:11:30Z" finished-at="2018-04-08T03:11:32Z">
      <class name="WebServicesTestingExam">
        <test-method status="PASS" signature="setUp()[pri:0, instance:WebServicesTestingExam@14acaea5]" name="setUp" is-config="true" duration-ms="413" started-at="2018-04-08T03:11:30Z" finished-at="2018-04-08T03:11:30Z">
          <reporter-output>
          </reporter-output>
        </test-method> <!-- setUp -->
        <test-method status="PASS" signature="test4()[pri:0, instance:WebServicesTestingExam@14acaea5]" name="test4" duration-ms="1902" started-at="2018-04-08T03:11:30Z" finished-at="2018-04-08T03:11:32Z">
          <reporter-output>
          </reporter-output>
        </test-method> <!-- test4 -->
      </class> <!-- WebServicesTestingExam -->
    </test> <!-- Default test -->
  </suite> <!-- Default suite -->
</testng-results>
