<?xml version="1.0" encoding="UTF-8"?>
<testng-results skipped="0" failed="0" ignored="0" total="4" passed="4">
  <reporter-output>
  </reporter-output>
  <suite name="Default suite" duration-ms="3177" started-at="2018-04-16T01:24:49Z" finished-at="2018-04-16T01:24:52Z">
    <groups>
    </groups>
    <test name="Default test" duration-ms="3177" started-at="2018-04-16T01:24:49Z" finished-at="2018-04-16T01:24:52Z">
      <class name="WebServicesTestingExam">
        <test-method status="PASS" signature="setUp()[pri:0, instance:WebServicesTestingExam@57baeedf]" name="setUp" is-config="true" duration-ms="417" started-at="2018-04-16T01:24:49Z" finished-at="2018-04-16T01:24:49Z">
          <reporter-output>
          </reporter-output>
        </test-method> <!-- setUp -->
        <test-method status="PASS" signature="Test1()[pri:0, instance:WebServicesTestingExam@57baeedf]" name="Test1" duration-ms="1605" started-at="2018-04-16T01:24:49Z" finished-at="2018-04-16T01:24:51Z">
          <reporter-output>
          </reporter-output>
        </test-method> <!-- Test1 -->
        <test-method status="PASS" signature="Test2()[pri:0, instance:WebServicesTestingExam@57baeedf]" name="Test2" duration-ms="782" started-at="2018-04-16T01:24:51Z" finished-at="2018-04-16T01:24:52Z">
          <reporter-output>
          </reporter-output>
        </test-method> <!-- Test2 -->
        <test-method status="PASS" signature="Test3_and_5()[pri:0, instance:WebServicesTestingExam@57baeedf]" name="Test3_and_5" duration-ms="290" started-at="2018-04-16T01:24:52Z" finished-at="2018-04-16T01:24:52Z">
          <reporter-output>
          </reporter-output>
        </test-method> <!-- Test3_and_5 -->
        <test-method status="PASS" signature="test4()[pri:0, instance:WebServicesTestingExam@57baeedf]" name="test4" duration-ms="41" started-at="2018-04-16T01:24:52Z" finished-at="2018-04-16T01:24:52Z">
          <reporter-output>
          </reporter-output>
        </test-method> <!-- test4 -->
      </class> <!-- WebServicesTestingExam -->
    </test> <!-- Default test -->
  </suite> <!-- Default suite -->
</testng-results>
