<?xml version="1.0" encoding="UTF-8"?>
<!-- Generated by org.testng.reporters.JUnitXMLReporter -->
<testsuite hostname="LAPTOP-DR1UCT03" ignored="0" tests="4" failures="0" timestamp="16 Apr 2018 01:24:52 GMT" time="3.177" errors="0">
  <testcase name="Test1" time="1.605" classname="WebServicesTestingExam"/>
  <testcase name="Test2" time="0.782" classname="WebServicesTestingExam"/>
  <testcase name="Test3_and_5" time="0.29" classname="WebServicesTestingExam"/>
  <testcase name="test4" time="0.041" classname="WebServicesTestingExam"/>
</testsuite>
