<?xml version="1.0" encoding="UTF-8"?>
<!-- Generated by org.testng.reporters.JUnitXMLReporter -->
<testsuite hostname="LAPTOP-DR1UCT03" ignored="3" tests="1" failures="0" timestamp="08 Apr 2018 03:11:32 GMT" time="2.337" errors="0">
  <testcase name="test4" time="1.902" classname="WebServicesTestingExam"/>
  <testcase name="Test1" time="0.0" classname="WebServicesTestingExam">
    <ignored/>
  </testcase> <!-- Test1 -->
  <testcase name="Test3_and_5" time="0.0" classname="WebServicesTestingExam">
    <ignored/>
  </testcase> <!-- Test3_and_5 -->
  <testcase name="Test2" time="0.0" classname="WebServicesTestingExam">
    <ignored/>
  </testcase> <!-- Test2 -->
</testsuite>
